<?xml version="1.0" encoding="UTF-8"?>
<!-- Generated by org.testng.reporters.JUnitReportReporter -->
<testsuite skipped="0" hostname="LAPTOP-F9DAPHCA" name="SearchFlight.NewTest" tests="4" failures="0" timestamp="2021-06-22T07:42:19 IST" time="275.739" errors="0">
  <testcase name="TC004" time="70.387" classname="SearchFlight.NewTest"/>
  <testcase name="TC002" time="57.400" classname="SearchFlight.NewTest"/>
  <testcase name="TC001" time="65.494" classname="SearchFlight.NewTest"/>
  <testcase name="TC003" time="82.458" classname="SearchFlight.NewTest"/>
</testsuite> <!-- SearchFlight.NewTest -->
